This is pdfTeX, Version 3.14159265-2.6-1.40.21 (TeX Live 2020) (preloaded format=latex 2021.1.31)  20 JAN 2022 12:43
entering extended mode
 restricted \write18 enabled.
 %&-line parsing enabled.
**PA_DerCoachingBot_Wellenhofer_Max_28464.tex
(./PA_DerCoachingBot_Wellenhofer_Max_28464.tex
LaTeX2e <2020-02-02> patch level 5
L3 programming layer <2020-03-06>

! LaTeX Error: File `i-studis.cls' not found.

Type X to quit or <RETURN> to proceed,
or enter new name. (Default extension: cls)

Enter file name: 
! Emergency stop.
<read *> 
         
l.14 ^^M
        
*** (cannot \read from terminal in nonstop modes)

 
Here is how much of TeX's memory you used:
 22 strings out of 480609
 583 string characters out of 5903656
 239607 words of memory out of 5000000
 16013 multiletter control sequences out of 15000+600000
 532338 words of font info for 24 fonts, out of 8000000 for 9000
 1141 hyphenation exceptions out of 8191
 14i,0n,17p,155b,10s stack positions out of 5000i,500n,10000p,200000b,80000s
No pages of output.
