This is pdfTeX, Version 3.14159265-2.6-1.40.21 (TeX Live 2020) (preloaded format=pdflatex 2021.1.31)  8 APR 2022 19:29
entering extended mode
 \write18 enabled.
 file:line:error style messages enabled.
 %&-line parsing enabled.
**/Users/mwellenhofer/Git/coaching_bot/thesis/PA_DerCoachingBot_Wellenhofer_Max_28464.tex
(/Users/mwellenhofer/Git/coaching_bot/thesis/PA_DerCoachingBot_Wellenhofer_Max_28464.tex
LaTeX2e <2020-02-02> patch level 5
L3 programming layer <2020-03-06> (./i-studis.cls
Document Class: i-studis 2005/09/23 v4.11 Springer Verlag global LaTeX2e support for monographs
(/usr/local/texlive/2020/texmf-dist/tex/latex/url/url.sty
\Urlmuskip=\muskip16
Package: url 2013/09/16  ver 3.4  Verb mode for urls, etc.
)
Class Springer-SVMono Info: extra/valid Springer sub-package 
(Springer-SVMono)           not found in option list - using "global" style.
 (/usr/local/texlive/2020/texmf-dist/tex/latex/base/article.cls
Document Class: article 2019/12/20 v1.4l Standard LaTeX document class
(/usr/local/texlive/2020/texmf-dist/tex/latex/base/size12.clo
File: size12.clo 2019/12/20 v1.4l Standard LaTeX file (size option)
)
\c@part=\count167
\c@section=\count168
\c@subsection=\count169
\c@subsubsection=\count170
\c@paragraph=\count171
\c@subparagraph=\count172
\c@figure=\count173
\c@table=\count174
\abovecaptionskip=\skip47
\belowcaptionskip=\skip48
\bibindent=\dimen134
)
\betweenumberspace=\dimen135
\headlineindent=\dimen136
\c@chapter=\count175
\chapstarthookwidth=\dimen137
\svitemindent=\dimen138
\verbatimindent=\dimen139
LaTeX Font Info:    Redeclaring math symbol \Gamma on input line 735.
LaTeX Font Info:    Redeclaring math symbol \Delta on input line 736.
LaTeX Font Info:    Redeclaring math symbol \Theta on input line 737.
LaTeX Font Info:    Redeclaring math symbol \Lambda on input line 738.
LaTeX Font Info:    Redeclaring math symbol \Xi on input line 739.
LaTeX Font Info:    Redeclaring math symbol \Pi on input line 740.
LaTeX Font Info:    Redeclaring math symbol \Sigma on input line 741.
LaTeX Font Info:    Redeclaring math symbol \Upsilon on input line 742.
LaTeX Font Info:    Redeclaring math symbol \Phi on input line 743.
LaTeX Font Info:    Redeclaring math symbol \Psi on input line 744.
LaTeX Font Info:    Redeclaring math symbol \Omega on input line 745.
\tocchpnum=\dimen140
\tocsecnum=\dimen141
\tocsectotal=\dimen142
\tocsubsecnum=\dimen143
\tocsubsectotal=\dimen144
\tocsubsubsecnum=\dimen145
\tocsubsubsectotal=\dimen146
\tocparanum=\dimen147
\tocparatotal=\dimen148
\tocsubparanum=\dimen149
\foot@parindent=\dimen150
\spthmsep=\dimen151
\c@theorem=\count176
\c@prob=\count177
\instindent=\dimen152
\figgap=\dimen153
\figcapgap=\dimen154
\tabcapgap=\dimen155
\c@merk=\count178
) (/usr/local/texlive/2020/texmf-dist/tex/latex/base/inputenc.sty
Package: inputenc 2018/08/11 v1.3c Input encoding file
\inpenc@prehook=\toks15
\inpenc@posthook=\toks16
) (/usr/local/texlive/2020/texmf-dist/tex/latex/geometry/geometry.sty
Package: geometry 2020/01/02 v5.9 Page Geometry
 (/usr/local/texlive/2020/texmf-dist/tex/latex/graphics/keyval.sty
Package: keyval 2014/10/28 v1.15 key=value parser (DPC)
\KV@toks@=\toks17
) (/usr/local/texlive/2020/texmf-dist/tex/generic/iftex/ifvtex.sty
Package: ifvtex 2019/10/25 v1.7 ifvtex legacy package. Use iftex instead.
 (/usr/local/texlive/2020/texmf-dist/tex/generic/iftex/iftex.sty
Package: iftex 2020/03/06 v1.0d TeX engine tests
))
\Gm@cnth=\count179
\Gm@cntv=\count180
\c@Gm@tempcnt=\count181
\Gm@bindingoffset=\dimen156
\Gm@wd@mp=\dimen157
\Gm@odd@mp=\dimen158
\Gm@even@mp=\dimen159
\Gm@layoutwidth=\dimen160
\Gm@layoutheight=\dimen161
\Gm@layouthoffset=\dimen162
\Gm@layoutvoffset=\dimen163
\Gm@dimlist=\toks18
) (/usr/local/texlive/2020/texmf-dist/tex/generic/babel/babel.sty
Package: babel 2020/03/22 3.42 The Babel package
 (/usr/local/texlive/2020/texmf-dist/tex/generic/babel/switch.def
File: switch.def 2020/03/22 3.42 Babel switching mechanism
) (/usr/local/texlive/2020/texmf-dist/tex/generic/babel-english/english.ldf
Language: english 2017/06/06 v3.3r English support from the babel system
 (/usr/local/texlive/2020/texmf-dist/tex/generic/babel/babel.def
File: babel.def 2020/03/22 3.42 Babel common definitions
\babel@savecnt=\count182
\U@D=\dimen164
 (/usr/local/texlive/2020/texmf-dist/tex/generic/babel/txtbabel.def)
\bbl@readstream=\read2
\bbl@dirlevel=\count183
)
Package babel Info: \l@canadian = using hyphenrules for english
(babel)             (\language0) on input line 102.
Package babel Info: \l@australian = using hyphenrules for ukenglish
(babel)             (\language21) on input line 105.
Package babel Info: \l@newzealand = using hyphenrules for ukenglish
(babel)             (\language21) on input line 108.
) (/usr/local/texlive/2020/texmf-dist/tex/generic/babel-german/ngerman.ldf
Language: ngerman 2018/12/08 v2.11 German support for babel (post-1996 orthography)
 (/usr/local/texlive/2020/texmf-dist/tex/generic/babel-german/ngermanb.ldf
Language: ngermanb 2018/12/08 v2.11 German support for babel (post-1996 orthography)
Package babel Info: Making " an active character on input line 121.
))) (/usr/local/texlive/2020/texmf-dist/tex/latex/graphics/graphicx.sty
Package: graphicx 2019/11/30 v1.2a Enhanced LaTeX Graphics (DPC,SPQR)
 (/usr/local/texlive/2020/texmf-dist/tex/latex/graphics/graphics.sty
Package: graphics 2019/11/30 v1.4a Standard LaTeX Graphics (DPC,SPQR)
 (/usr/local/texlive/2020/texmf-dist/tex/latex/graphics/trig.sty
Package: trig 2016/01/03 v1.10 sin cos tan (DPC)
) (/usr/local/texlive/2020/texmf-dist/tex/latex/graphics-cfg/graphics.cfg
File: graphics.cfg 2016/06/04 v1.11 sample graphics configuration
)
Package graphics Info: Driver file: pdftex.def on input line 105.
 (/usr/local/texlive/2020/texmf-dist/tex/latex/graphics-def/pdftex.def
File: pdftex.def 2018/01/08 v1.0l Graphics/color driver for pdftex
))
\Gin@req@height=\dimen165
\Gin@req@width=\dimen166
) (/usr/local/texlive/2020/texmf-dist/tex/latex/epstopdf-pkg/epstopdf.sty
Package: epstopdf 2020-01-24 v2.11 Conversion with epstopdf on the fly (HO)
 (/usr/local/texlive/2020/texmf-dist/tex/generic/infwarerr/infwarerr.sty
Package: infwarerr 2019/12/03 v1.5 Providing info/warning/error messages (HO)
) (/usr/local/texlive/2020/texmf-dist/tex/latex/grfext/grfext.sty
Package: grfext 2019/12/03 v1.3 Manage graphics extensions (HO)
 (/usr/local/texlive/2020/texmf-dist/tex/generic/kvdefinekeys/kvdefinekeys.sty
Package: kvdefinekeys 2019-12-19 v1.6 Define keys (HO)
)) (/usr/local/texlive/2020/texmf-dist/tex/latex/kvoptions/kvoptions.sty
Package: kvoptions 2019/11/29 v3.13 Key value format for package options (HO)
 (/usr/local/texlive/2020/texmf-dist/tex/generic/ltxcmds/ltxcmds.sty
Package: ltxcmds 2019/12/15 v1.24 LaTeX kernel commands for general use (HO)
) (/usr/local/texlive/2020/texmf-dist/tex/generic/kvsetkeys/kvsetkeys.sty
Package: kvsetkeys 2019/12/15 v1.18 Key value parser (HO)
)) (/usr/local/texlive/2020/texmf-dist/tex/latex/pdftexcmds/pdftexcmds.sty
Package: pdftexcmds 2019/11/24 v0.31 Utility functions of pdfTeX for LuaTeX (HO)
Package pdftexcmds Info: \pdf@primitive is available.
Package pdftexcmds Info: \pdf@ifprimitive is available.
Package pdftexcmds Info: \pdfdraftmode found.
) (/usr/local/texlive/2020/texmf-dist/tex/latex/epstopdf-pkg/epstopdf-base.sty
Package: epstopdf-base 2020-01-24 v2.11 Base part for package epstopdf
Package epstopdf-base Info: Redefining graphics rule for `.eps' on input line 485.
Package grfext Info: Graphics extension search list:
(grfext)             [.pdf,.png,.jpg,.mps,.jpeg,.jbig2,.jb2,.PDF,.PNG,.JPG,.JPEG,.JBIG2,.JB2,.eps]
(grfext)             \AppendGraphicsExtensions on input line 504.
 (/usr/local/texlive/2020/texmf-dist/tex/latex/latexconfig/epstopdf-sys.cfg
File: epstopdf-sys.cfg 2010/07/13 v1.3 Configuration of (r)epstopdf for TeX Live
))) (/usr/local/texlive/2020/texmf-dist/tex/latex/listings/listings.sty
\lst@mode=\count184
\lst@gtempboxa=\box45
\lst@token=\toks19
\lst@length=\count185
\lst@currlwidth=\dimen167
\lst@column=\count186
\lst@pos=\count187
\lst@lostspace=\dimen168
\lst@width=\dimen169
\lst@newlines=\count188
\lst@lineno=\count189
\lst@maxwidth=\dimen170
 (/usr/local/texlive/2020/texmf-dist/tex/latex/listings/lstmisc.sty
File: lstmisc.sty 2020/03/24 1.8d (Carsten Heinz)
\c@lstnumber=\count190
\lst@skipnumbers=\count191
\lst@framebox=\box46
) (/usr/local/texlive/2020/texmf-dist/tex/latex/listings/listings.cfg
File: listings.cfg 2020/03/24 1.8d listings configuration
))
Package: listings 2020/03/24 1.8d (Carsten Heinz)
 (/usr/local/texlive/2020/texmf-dist/tex/latex/algorithm2e/algorithm2e.sty
Package: algorithm2e 2017/07/18 v5.2 algorithms environments
\c@AlgoLine=\count192
 (/usr/local/texlive/2020/texmf-dist/tex/latex/base/ifthen.sty
Package: ifthen 2014/09/29 v1.1c Standard LaTeX ifthen package (DPC)
)
\algocf@hangindent=\skip49
 (/usr/local/texlive/2020/texmf-dist/tex/latex/ifoddpage/ifoddpage.sty
Package: ifoddpage 2016/04/23 v1.1 Conditionals for odd/even page detection
\c@checkoddpage=\count193
) (/usr/local/texlive/2020/texmf-dist/tex/latex/tools/xspace.sty
Package: xspace 2014/10/28 v1.13 Space after command names (DPC,MH)
) (/usr/local/texlive/2020/texmf-dist/tex/latex/relsize/relsize.sty
Package: relsize 2013/03/29 ver 4.1
)
\skiptotal=\skip50
\skiplinenumber=\skip51
\skiprule=\skip52
\skiphlne=\skip53
\skiptext=\skip54
\skiplength=\skip55
\algomargin=\skip56
\skipalgocfslide=\skip57
\algowidth=\dimen171
\inoutsize=\dimen172
\inoutindent=\dimen173
\interspacetitleruled=\dimen174
\interspacealgoruled=\dimen175
\interspacetitleboxruled=\dimen176
\algocf@ruledwidth=\skip58
\algocf@inoutbox=\box47
\algocf@inputbox=\box48
\AlCapSkip=\skip59
\AlCapHSkip=\skip60
\algoskipindent=\skip61
\algocf@nlbox=\box49
\algocf@hangingbox=\box50
\algocf@untilbox=\box51
\algocf@skipuntil=\skip62
\algocf@capbox=\box52
\algocf@lcaptionbox=\skip63
\algoheightruledefault=\skip64
\algoheightrule=\skip65
\algotitleheightruledefault=\skip66
\algotitleheightrule=\skip67
\c@algocfline=\count194
\c@algocfproc=\count195
\c@algocf=\count196
\algocf@algoframe=\box53
\algocf@algobox=\box54
) (/usr/local/texlive/2020/texmf-dist/tex/latex/amsfonts/amssymb.sty
Package: amssymb 2013/01/14 v3.01 AMS font symbols
 (/usr/local/texlive/2020/texmf-dist/tex/latex/amsfonts/amsfonts.sty
Package: amsfonts 2013/01/14 v3.01 Basic AMSFonts support
\@emptytoks=\toks20
\symAMSa=\mathgroup4
\symAMSb=\mathgroup5
LaTeX Font Info:    Redeclaring math symbol \hbar on input line 98.
LaTeX Font Info:    Overwriting math alphabet `\mathfrak' in version `bold'
(Font)                  U/euf/m/n --> U/euf/b/n on input line 106.
)) (/usr/local/texlive/2020/texmf-dist/tex/latex/amsmath/amstext.sty
Package: amstext 2000/06/29 v2.01 AMS text
 (/usr/local/texlive/2020/texmf-dist/tex/latex/amsmath/amsgen.sty
File: amsgen.sty 1999/11/30 v2.0 generic functions
\@emptytoks=\toks21
\ex@=\dimen177
)) (/usr/local/texlive/2020/texmf-dist/tex/latex/amsmath/amsmath.sty
Package: amsmath 2020/01/20 v2.17e AMS math features
\@mathmargin=\skip68

For additional information on amsmath, use the `?' option.
(/usr/local/texlive/2020/texmf-dist/tex/latex/amsmath/amsbsy.sty
Package: amsbsy 1999/11/29 v1.2d Bold Symbols
\pmbraise@=\dimen178
) (/usr/local/texlive/2020/texmf-dist/tex/latex/amsmath/amsopn.sty
Package: amsopn 2016/03/08 v2.02 operator names
)
\inf@bad=\count197
LaTeX Info: Redefining \frac on input line 227.
\uproot@=\count198
\leftroot@=\count199
LaTeX Info: Redefining \overline on input line 389.
\classnum@=\count266
\DOTSCASE@=\count267
LaTeX Info: Redefining \ldots on input line 486.
LaTeX Info: Redefining \dots on input line 489.
LaTeX Info: Redefining \cdots on input line 610.
\Mathstrutbox@=\box55
\strutbox@=\box56
\big@size=\dimen179
LaTeX Font Info:    Redeclaring font encoding OML on input line 733.
LaTeX Font Info:    Redeclaring font encoding OMS on input line 734.
\macc@depth=\count268
\c@MaxMatrixCols=\count269
\dotsspace@=\muskip17
\c@parentequation=\count270
\dspbrk@lvl=\count271
\tag@help=\toks22
\row@=\count272
\column@=\count273
\maxfields@=\count274
\andhelp@=\toks23
\eqnshift@=\dimen180
\alignsep@=\dimen181
\tagshift@=\dimen182
\tagwidth@=\dimen183
\totwidth@=\dimen184
\lineht@=\dimen185
\@envbody=\toks24
\multlinegap=\skip69
\multlinetaggap=\skip70
\mathdisplay@stack=\toks25
LaTeX Info: Redefining \[ on input line 2859.
LaTeX Info: Redefining \] on input line 2860.
) (/usr/local/texlive/2020/texmf-dist/tex/latex/tools/array.sty
Package: array 2019/08/31 v2.4l Tabular extension package (FMi)
\col@sep=\dimen186
\ar@mcellbox=\box57
\extrarowheight=\dimen187
\NC@list=\toks26
\extratabsurround=\skip71
\backup@length=\skip72
\ar@cellbox=\box58
) (/usr/local/texlive/2020/texmf-dist/tex/latex/caption/caption.sty
Package: caption 2020/01/03 v3.4h Customizing captions (AR)
 (/usr/local/texlive/2020/texmf-dist/tex/latex/caption/caption3.sty
Package: caption3 2020/01/03 v1.8h caption3 kernel (AR)
Package caption3 Info: TeX engine: e-TeX on input line 61.
\captionmargin=\dimen188
\captionmargin@=\dimen189
\captionwidth=\dimen190
\caption@tempdima=\dimen191
\caption@indent=\dimen192
\caption@parindent=\dimen193
\caption@hangindent=\dimen194
Package caption Info: Unknown document class (or package),
(caption)             standard defaults will be used.
Package caption Info: \@makecaption = \long macro:#1#2->\captionstyle \ifx \@captype \fig@type \vskip \figcapgap \fi \setbox \@tempboxa \hbox {{\floatlegendstyle #1\floatcounterend }\capstrut #2}\ifdim \wd \@tempboxa >\hsize {\floatlegendstyle #1\floatcounterend }\capstrut #2\par \else \hbox to\hsize {\leftlegendglue \unhbox \@tempboxa \hfil }\fi \ifx \@captype \fig@type \else \vskip \tabcapgap \fi  on input line 1082.
)

Package caption Warning: Unknown document class (or package),
(caption)                standard defaults will be used.
See the caption package documentation for explanation.

\c@caption@flags=\count275
\c@continuedfloat=\count276
Package caption Info: listings package is loaded.
) (/usr/local/texlive/2020/texmf-dist/tex/latex/caption/subcaption.sty
Package: subcaption 2020/01/22 v1.3d Sub-captions (AR)
\c@subfigure=\count277
\c@subtable=\count278
) (/usr/local/texlive/2020/texmf-dist/tex/latex/graphics/color.sty
Package: color 2019/11/23 v1.2a Standard LaTeX Color (DPC)
 (/usr/local/texlive/2020/texmf-dist/tex/latex/graphics-cfg/color.cfg
File: color.cfg 2016/01/02 v1.6 sample color configuration
)
Package color Info: Driver file: pdftex.def on input line 147.
 (/usr/local/texlive/2020/texmf-dist/tex/latex/graphics/dvipsnam.def
File: dvipsnam.def 2016/06/17 v3.0m Driver-dependent file (DPC,SPQR)
)) (/usr/local/texlive/2020/texmf-dist/tex/latex/hyperref/hyperref.sty
Package: hyperref 2020/01/14 v7.00d Hypertext links for LaTeX
 (/usr/local/texlive/2020/texmf-dist/tex/generic/pdfescape/pdfescape.sty
Package: pdfescape 2019/12/09 v1.15 Implements pdfTeX's escape features (HO)
) (/usr/local/texlive/2020/texmf-dist/tex/latex/hycolor/hycolor.sty
Package: hycolor 2020-01-27 v1.10 Color options for hyperref/bookmark (HO)
) (/usr/local/texlive/2020/texmf-dist/tex/latex/letltxmacro/letltxmacro.sty
Package: letltxmacro 2019/12/03 v1.6 Let assignment for LaTeX macros (HO)
) (/usr/local/texlive/2020/texmf-dist/tex/latex/auxhook/auxhook.sty
Package: auxhook 2019-12-17 v1.6 Hooks for auxiliary files (HO)
)
\@linkdim=\dimen195
\Hy@linkcounter=\count279
\Hy@pagecounter=\count280
 (/usr/local/texlive/2020/texmf-dist/tex/latex/hyperref/pd1enc.def
File: pd1enc.def 2020/01/14 v7.00d Hyperref: PDFDocEncoding definition (HO)
Now handling font encoding PD1 ...
... no UTF-8 mapping file for font encoding PD1
) (/usr/local/texlive/2020/texmf-dist/tex/generic/intcalc/intcalc.sty
Package: intcalc 2019/12/15 v1.3 Expandable calculations with integers (HO)
) (/usr/local/texlive/2020/texmf-dist/tex/generic/etexcmds/etexcmds.sty
Package: etexcmds 2019/12/15 v1.7 Avoid name clashes with e-TeX commands (HO)
)
\Hy@SavedSpaceFactor=\count281
Package hyperref Info: Option `plainpages' set `false' on input line 4421.
Package hyperref Info: Hyper figures OFF on input line 4547.
Package hyperref Info: Link nesting OFF on input line 4552.
Package hyperref Info: Hyper index ON on input line 4555.
Package hyperref Info: Plain pages OFF on input line 4562.
Package hyperref Info: Backreferencing OFF on input line 4567.
Package hyperref Info: Implicit mode ON; LaTeX internals redefined.
Package hyperref Info: Bookmarks ON on input line 4800.
\c@Hy@tempcnt=\count282
LaTeX Info: Redefining \url on input line 5159.
\XeTeXLinkMargin=\dimen196
 (/usr/local/texlive/2020/texmf-dist/tex/generic/bitset/bitset.sty
Package: bitset 2019/12/09 v1.3 Handle bit-vector datatype (HO)
 (/usr/local/texlive/2020/texmf-dist/tex/generic/bigintcalc/bigintcalc.sty
Package: bigintcalc 2019/12/15 v1.5 Expandable calculations on big integers (HO)
))
\Fld@menulength=\count283
\Field@Width=\dimen197
\Fld@charsize=\dimen198
Package hyperref Info: Hyper figures OFF on input line 6430.
Package hyperref Info: Link nesting OFF on input line 6435.
Package hyperref Info: Hyper index ON on input line 6438.
Package hyperref Info: backreferencing OFF on input line 6445.
Package hyperref Info: Link coloring OFF on input line 6450.
Package hyperref Info: Link coloring with OCG OFF on input line 6455.
Package hyperref Info: PDF/A mode OFF on input line 6460.
LaTeX Info: Redefining \ref on input line 6500.
LaTeX Info: Redefining \pageref on input line 6504.
 (/usr/local/texlive/2020/texmf-dist/tex/generic/atbegshi/atbegshi.sty
Package: atbegshi 2019/12/05 v1.19 At begin shipout hook (HO)
)
\Hy@abspage=\count284
\c@Item=\count285
\c@Hfootnote=\count286
)
Package hyperref Info: Driver: hpdftex.
 (/usr/local/texlive/2020/texmf-dist/tex/latex/hyperref/hpdftex.def
File: hpdftex.def 2020/01/14 v7.00d Hyperref driver for pdfTeX
 (/usr/local/texlive/2020/texmf-dist/tex/latex/atveryend/atveryend.sty
Package: atveryend 2019-12-11 v1.11 Hooks at the very end of document (HO)
Package atveryend Info: \enddocument detected (standard20110627).
)
\Fld@listcount=\count287
\c@bookmark@seq@number=\count288
 (/usr/local/texlive/2020/texmf-dist/tex/latex/rerunfilecheck/rerunfilecheck.sty
Package: rerunfilecheck 2019/12/05 v1.9 Rerun checks for auxiliary files (HO)
 (/usr/local/texlive/2020/texmf-dist/tex/generic/uniquecounter/uniquecounter.sty
Package: uniquecounter 2019/12/15 v1.4 Provide unlimited unique counter (HO)
)
Package uniquecounter Info: New unique counter `rerunfilecheck' on input line 286.
)
\Hy@SectionHShift=\skip73
) (/usr/local/texlive/2020/texmf-dist/tex/latex/base/textcomp.sty
Package: textcomp 2020/02/02 v2.0n Standard LaTeX package
) (/usr/local/texlive/2020/texmf-dist/tex/latex/germbib/bibgerm.sty
Package: bibgerm 2000/08/18 v0.1 Support for mixed language bibliographies
 ** Macros for german `BibTeX'ing added to Style Option `german' 20 Apr 1993 ** ** idea and languages `german' and `USenglish' implemented by M. Wallmeier ** ** Modified for LaTeX 2e and german.sty 2.5b by A. Scherer 1 Nov 1995 ** ** Modified for ngerman.sty and babel.sty by H. Harders 21 August 2000 **) (/usr/local/texlive/2020/texmf-dist/tex/latex/base/makeidx.sty
Package: makeidx 2014/09/29 v1.0m Standard LaTeX package
) (/usr/local/texlive/2020/texmf-dist/tex/latex/tools/multicol.sty
Package: multicol 2019/12/09 v1.8y multicolumn formatting (FMi)
\c@tracingmulticols=\count289
\mult@box=\box59
\multicol@leftmargin=\dimen199
\c@unbalance=\count290
\c@collectmore=\count291
\doublecol@number=\count292
\multicoltolerance=\count293
\multicolpretolerance=\count294
\full@width=\dimen256
\page@free=\dimen257
\premulticols=\dimen258
\postmulticols=\dimen259
\multicolsep=\skip74
\multicolbaselineskip=\skip75
\partial@page=\box60
\last@line=\box61
\maxbalancingoverflow=\dimen260
\mult@rightbox=\box62
\mult@grightbox=\box63
\mult@gfirstbox=\box64
\mult@firstbox=\box65
\@tempa=\box66
\@tempa=\box67
\@tempa=\box68
\@tempa=\box69
\@tempa=\box70
\@tempa=\box71
\@tempa=\box72
\@tempa=\box73
\@tempa=\box74
\@tempa=\box75
\@tempa=\box76
\@tempa=\box77
\@tempa=\box78
\@tempa=\box79
\@tempa=\box80
\@tempa=\box81
\@tempa=\box82
\@tempa=\box83
\@tempa=\box84
\@tempa=\box85
\@tempa=\box86
\@tempa=\box87
\@tempa=\box88
\@tempa=\box89
\@tempa=\box90
\@tempa=\box91
\@tempa=\box92
\@tempa=\box93
\@tempa=\box94
\@tempa=\box95
\@tempa=\box96
\@tempa=\box97
\@tempa=\box98
\@tempa=\box99
\@tempa=\box100
\@tempa=\box101
\@tempa=\box102
\c@minrows=\count295
\c@columnbadness=\count296
\c@finalcolumnbadness=\count297
\last@try=\dimen261
\multicolovershoot=\dimen262
\multicolundershoot=\dimen263
\mult@nat@firstbox=\box103
\colbreak@box=\box104
\mc@col@check@num=\count298
)
\@indexfile=\write3
\openout3 = `PA_DerCoachingBot_Wellenhofer_Max_28464.idx'.


Writing index file PA_DerCoachingBot_Wellenhofer_Max_28464.idx
(/usr/local/texlive/2020/texmf-dist/tex/latex/l3backend/l3backend-pdfmode.def
File: l3backend-pdfmode.def 2020-03-12 L3 backend support: PDF mode
\l__kernel_color_stack_int=\count299
\l__pdf_internal_box=\box105
) (./PA_DerCoachingBot_Wellenhofer_Max_28464.aux (./chapters/Glossar.aux) (./chapters/Selbststaendigkeitserklaerung.aux))
\openout1 = `PA_DerCoachingBot_Wellenhofer_Max_28464.aux'.

LaTeX Font Info:    Checking defaults for OML/cmm/m/it on input line 75.
LaTeX Font Info:    ... okay on input line 75.
LaTeX Font Info:    Checking defaults for OMS/cmsy/m/n on input line 75.
LaTeX Font Info:    ... okay on input line 75.
LaTeX Font Info:    Checking defaults for OT1/cmr/m/n on input line 75.
LaTeX Font Info:    ... okay on input line 75.
LaTeX Font Info:    Checking defaults for T1/cmr/m/n on input line 75.
LaTeX Font Info:    ... okay on input line 75.
LaTeX Font Info:    Checking defaults for TS1/cmr/m/n on input line 75.
LaTeX Font Info:    ... okay on input line 75.
LaTeX Font Info:    Checking defaults for OMX/cmex/m/n on input line 75.
LaTeX Font Info:    ... okay on input line 75.
LaTeX Font Info:    Checking defaults for U/cmr/m/n on input line 75.
LaTeX Font Info:    ... okay on input line 75.
LaTeX Font Info:    Checking defaults for PD1/pdf/m/n on input line 75.
LaTeX Font Info:    ... okay on input line 75.

*geometry* driver: auto-detecting
*geometry* detected driver: pdftex
*geometry* verbose mode - [ preamble ] result:
* driver: pdftex
* paper: a4paper
* layout: <same size as paper>
* layoutoffset:(h,v)=(0.0pt,0.0pt)
* modes: 
* h-part:(L,W,R)=(89.62709pt, 418.25368pt, 89.6271pt)
* v-part:(T,H,B)=(101.40665pt, 591.5302pt, 152.11pt)
* \paperwidth=597.50787pt
* \paperheight=845.04684pt
* \textwidth=418.25368pt
* \textheight=650.68681pt
* \oddsidemargin=17.3571pt
* \evensidemargin=17.3571pt
* \topmargin=5.13666pt
* \headheight=12.0pt
* \headsep=12.0pt
* \topskip=12.0pt
* \footskip=30.0pt
* \marginparwidth=90.0pt
* \marginparsep=10.0pt
* \columnsep=10.0pt
* \skip\footins=10.8pt plus 4.0pt minus 2.0pt
* \hoffset=0.0pt
* \voffset=0.0pt
* \mag=1000
* \@twocolumnfalse
* \@twosidefalse
* \@mparswitchfalse
* \@reversemarginfalse
* (1in=72.27pt=25.4mm, 1cm=28.453pt)

Man spricht deutsch.
(/usr/local/texlive/2020/texmf-dist/tex/context/base/mkii/supp-pdf.mkii
[Loading MPS to PDF converter (version 2006.09.02).]
\scratchcounter=\count300
\scratchdimen=\dimen264
\scratchbox=\box106
\nofMPsegments=\count301
\nofMParguments=\count302
\everyMPshowfont=\toks27
\MPscratchCnt=\count303
\MPscratchDim=\dimen265
\MPnumerator=\count304
\makeMPintoPDFobject=\count305
\everyMPtoPDFconversion=\toks28
)
\c@lstlisting=\count306
Package caption Info: Begin \AtBeginDocument code.
Package caption Info: hyperref package is loaded.
Package caption Info: End \AtBeginDocument code.
\AtBeginShipoutBox=\box107
Package hyperref Info: Link coloring OFF on input line 75.
 (/usr/local/texlive/2020/texmf-dist/tex/latex/hyperref/nameref.sty
Package: nameref 2019/09/16 v2.46 Cross-referencing by name of section
 (/usr/local/texlive/2020/texmf-dist/tex/latex/refcount/refcount.sty
Package: refcount 2019/12/15 v3.6 Data extraction from label references (HO)
) (/usr/local/texlive/2020/texmf-dist/tex/generic/gettitlestring/gettitlestring.sty
Package: gettitlestring 2019/12/15 v1.6 Cleanup title references (HO)
)
\c@section@level=\count307
)
LaTeX Info: Redefining \ref on input line 75.
LaTeX Info: Redefining \pageref on input line 75.
LaTeX Info: Redefining \nameref on input line 75.
 (./PA_DerCoachingBot_Wellenhofer_Max_28464.out) (./PA_DerCoachingBot_Wellenhofer_Max_28464.out)
\@outlinefile=\write4
\openout4 = `PA_DerCoachingBot_Wellenhofer_Max_28464.out'.



bibgerm.sty: babel.sty detected



pdfTeX warning: pdflatex (file ./images/logo-fb-informatik.pdf): PDF inclusion: found PDF version <1.7>, but at most version <1.5> allowed
<images/logo-fb-informatik.pdf, id=297, 811.81792pt x 157.11497pt>
File: images/logo-fb-informatik.pdf Graphic file (type pdf)
<use images/logo-fb-informatik.pdf>
Package pdftex.def Info: images/logo-fb-informatik.pdf  used on input line 95.
(pdftex.def)             Requested size: 209.12683pt x 40.47253pt.
[1

{/usr/local/texlive/2020/texmf-var/fonts/map/pdftex/updmap/pdftex.map} <./images/logo-fb-informatik.pdf>] (./chapters/Kurzfassung.tex
LaTeX Font Info:    Trying to load font information for U+msa on input line 2.
 (/usr/local/texlive/2020/texmf-dist/tex/latex/amsfonts/umsa.fd
File: umsa.fd 2013/01/14 v3.01 AMS symbols A
)
LaTeX Font Info:    Trying to load font information for U+msb on input line 2.
 (/usr/local/texlive/2020/texmf-dist/tex/latex/amsfonts/umsb.fd
File: umsb.fd 2013/01/14 v3.01 AMS symbols B
) [2




]) [3


] (./PA_DerCoachingBot_Wellenhofer_Max_28464.toc [4


] [5])
\tf@toc=\write5
\openout5 = `PA_DerCoachingBot_Wellenhofer_Max_28464.toc'.

 [6] (./PA_DerCoachingBot_Wellenhofer_Max_28464.lof)
\tf@lof=\write6
\openout6 = `PA_DerCoachingBot_Wellenhofer_Max_28464.lof'.

 [7


] (./PA_DerCoachingBot_Wellenhofer_Max_28464.lot)
\tf@lot=\write7
\openout7 = `PA_DerCoachingBot_Wellenhofer_Max_28464.lot'.

 [8


] (./PA_DerCoachingBot_Wellenhofer_Max_28464.lol [9


])
\tf@lol=\write8
\openout8 = `PA_DerCoachingBot_Wellenhofer_Max_28464.lol'.

 [10] (./chapters/01_EinleitungProblemstellung.tex
Kapitel 1.

Underfull \hbox (badness 10000) in paragraph at lines 3--10

 []


Underfull \hbox (badness 10000) in paragraph at lines 3--10

 []


Underfull \hbox (badness 10000) in paragraph at lines 3--10

 []


Underfull \hbox (badness 10000) in paragraph at lines 3--10

 []

pdfTeX warning (ext4): destination with the same identifier (name{page.1}) has been already used, duplicate ignored
<to be read again> 
                   \relax 
l.10     \paragraph
                   {Im Fokus stehen:} [1




]) (./chapters/02_VerwandteArbeiten.tex [2]
Kapitel 2.
[3


]
Overfull \hbox (15.06993pt too wide) in paragraph at lines 44--66
 [][] 
 []

[4] [5]
Underfull \hbox (badness 10000) in paragraph at lines 86--87

 []


Underfull \hbox (badness 10000) in paragraph at lines 86--87

 []

) (./chapters/03_Grundlagen.tex [6]
Kapitel 3.

Underfull \hbox (badness 10000) in paragraph at lines 11--14

 []

[7


] (/usr/local/texlive/2020/texmf-dist/tex/latex/listings/lstlang1.sty
File: lstlang1.sty 2020/03/24 1.8d listings language file
) [8]
Overfull \hbox (2.57947pt too wide) in paragraph at lines 61--63
\OT1/cmr/m/n/12 Zur per-sis-ten-ten Spei-che-rung von Nut-zer-da-ten wird ei-ne SQ-Li-te Da-ten-bank [[]]
 []

[9] [10]
Overfull \hbox (11.9488pt too wide) in paragraph at lines 110--112
\OT1/cmr/m/n/12 Der ge-sam-te Quell-co-de in-klu-si-ve al-ler Abh[]angigkeiten fin-det sich in ei-nem []offentlichen
 []

) (./chapters/04_Konzept.tex [11]
Kapitel 4.
[12


]
<images/220320_PA28464_Architecture.png, id=795, 981.6675pt x 972.63374pt>
File: images/220320_PA28464_Architecture.png Graphic file (type png)
<use images/220320_PA28464_Architecture.png>
Package pdftex.def Info: images/220320_PA28464_Architecture.png  used on input line 28.
(pdftex.def)             Requested size: 418.25368pt x 414.39532pt.

Underfull \hbox (badness 10000) in paragraph at lines 48--49

 []


Underfull \hbox (badness 10000) in paragraph at lines 48--49

 []

[13] [14 <./images/220320_PA28464_Architecture.png>]
<images/220328_PA28464_State-Machine.png, id=824, 1001.7425pt x 1182.4175pt>
File: images/220328_PA28464_State-Machine.png Graphic file (type png)
<use images/220328_PA28464_State-Machine.png>
Package pdftex.def Info: images/220328_PA28464_State-Machine.png  used on input line 82.
(pdftex.def)             Requested size: 418.25368pt x 493.68913pt.
) (./chapters/05_Realisierung.tex [15] [16 <./images/220328_PA28464_State-Machine.png>]
Kapitel 5.

Overfull \hbox (10.49329pt too wide) in paragraph at lines 7--8
\OT1/cmr/m/n/12 Zustands-Funktionen in Ab-schnitt 5.2[] (Funk-tio-nen, die zum Ge-spr[]achsfluss geh[]oren),
 []

[17


]
Underfull \hbox (badness 10000) in paragraph at lines 19--28

 []


Underfull \hbox (badness 10000) in paragraph at lines 19--28

 []

[18] [19] [20]
Underfull \hbox (badness 10000) in paragraph at lines 83--84

 []

[21]
<images/220325_PA28464_DataBaseModel.png, id=872, 241.90375pt x 532.99126pt>
File: images/220325_PA28464_DataBaseModel.png Graphic file (type png)
<use images/220325_PA28464_DataBaseModel.png>
Package pdftex.def Info: images/220325_PA28464_DataBaseModel.png  used on input line 88.
(pdftex.def)             Requested size: 167.2989pt x 368.62643pt.
 [22]) (./chapters/06_Implementierung.tex [23 <./images/220325_PA28464_DataBaseModel.png>] [24]
Kapitel 6.
[25


]
Underfull \hbox (badness 10000) in paragraph at lines 25--26

 []

LaTeX Font Info:    Trying to load font information for TS1+cmtt on input line 45.
(/usr/local/texlive/2020/texmf-dist/tex/latex/base/ts1cmtt.fd
File: ts1cmtt.fd 2019/12/16 v2.5j Standard LaTeX font definitions
) [26]
Overfull \hbox (9.19344pt too wide) in paragraph at lines 79--80
[][]\OT1/cmr/m/n/12 Uber die fol-gen-den Be-feh-le, wer-den die ent-spre-chen-den, gleich-na-mi-gen Command-
 []


Underfull \hbox (badness 10000) in paragraph at lines 88--89

 []


Underfull \hbox (badness 10000) in paragraph at lines 88--89

 []

[27]
Underfull \hbox (badness 10000) in paragraph at lines 99--100

 []


Underfull \hbox (badness 10000) in paragraph at lines 101--102

 []


Underfull \hbox (badness 10000) in paragraph at lines 103--104

 []


Underfull \hbox (badness 10000) in paragraph at lines 103--104

 []


Underfull \hbox (badness 10000) in paragraph at lines 121--123

 []

[28] [29]
Underfull \hbox (badness 10000) in paragraph at lines 206--208

 []

[30]
Underfull \hbox (badness 10000) in paragraph at lines 252--253

 []

[31] [32]
Overfull \hbox (25.19064pt too wide) in paragraph at lines 294--299
\OT1/cmr/m/n/12 Re-ak-ti-on auf sei-ne Nach-richt kann er-fol-gen. Die Funk-ti-on [][]\OT1/cmtt/m/n/12 update.message.reply_text
 []


Underfull \hbox (badness 10000) in paragraph at lines 294--299

 []


Underfull \hbox (badness 10000) in paragraph at lines 294--299

 []

[33]
Underfull \hbox (badness 10000) in paragraph at lines 324--326

 []


Underfull \hbox (badness 10000) in paragraph at lines 324--326

 []


Overfull \hbox (17.41525pt too wide) in paragraph at lines 330--331
\OT1/cmr/m/n/12 zerein-ga-be im Bei-spiel aus Lis-ting 6.12 zun[]achst an die Funk-ti-on [][]\OT1/cmtt/m/n/12 validate_birthdate
 []

[34]
Overfull \hbox (3.26694pt too wide) in paragraph at lines 378--391
[]\OT1/cmr/m/n/12 Die Funk-ti-on (i.e. [][]\OT1/cmtt/m/n/12 validate_birthdate[]\OT1/cmr/m/n/12 ) be-kommt die Nut-zerein-ga-be []ubergeben
 []


Underfull \hbox (badness 10000) in paragraph at lines 378--391

 []


Underfull \hbox (badness 10000) in paragraph at lines 378--391

 []


Underfull \hbox (badness 10000) in paragraph at lines 378--391

 []


Underfull \hbox (badness 10000) in paragraph at lines 378--391

 []


Underfull \hbox (badness 10000) in paragraph at lines 378--391

 []

[35]
Overfull \hbox (6.34164pt too wide) in paragraph at lines 422--423
[][][][][][][][][][][][][][][][][][][][][][][][][][][][][] 
 []

[36] [37]
Underfull \hbox (badness 10000) in paragraph at lines 497--498

 []


Overfull \hbox (3.68909pt too wide) in paragraph at lines 499--502
[]\OT1/cmr/m/n/12 Erforderliche Zu-gangs-da-ten wer-den au-^^Yer-halb der Funk-ti-on [][]\OT1/cmtt/m/n/12 confirmation_mail
 []


Underfull \hbox (badness 10000) in paragraph at lines 499--502

 []

[38]
Underfull \hbox (badness 10000) in paragraph at lines 557--559

 []

[39]
Underfull \hbox (badness 10000) in paragraph at lines 595--598

 []

[40] [41]
Overfull \hbox (24.48846pt too wide) in paragraph at lines 673--678
\OT1/cmr/m/n/12 Hier wird bei-spiel-haft auf die bei-den wich-tigs-ten READ-Funktionen aus [][]\OT1/cmtt/m/n/12 select\_db.py
 []


Underfull \hbox (badness 10000) in paragraph at lines 673--678

 []


Underfull \hbox (badness 10000) in paragraph at lines 673--678

 []


Overfull \hbox (5.73482pt too wide) in paragraph at lines 697--698
[][]\OT1/cmtt/m/n/12 create_db []\OT1/cmr/m/n/12 aus [][]\OT1/cmtt/m/n/12 insert\_value\_db.py []\OT1/cmr/m/n/12 auf-ge-ru-fen. Nun wird in ei-nem [][]\OT1/cmtt/m/n/12 try/except[]\OT1/cmr/m/n/12 -
 []

[42]
Overfull \hbox (6.34164pt too wide) in paragraph at lines 703--704
[][][][][][][][][][][][][][][][][][][][][][][][][][][][][] 
 []


Underfull \hbox (badness 10000) in paragraph at lines 736--740

 []


Underfull \hbox (badness 10000) in paragraph at lines 736--740

 []

[43]
Underfull \hbox (badness 10000) in paragraph at lines 742--751

 []


Underfull \hbox (badness 10000) in paragraph at lines 742--751

 []


Underfull \hbox (badness 10000) in paragraph at lines 742--751

 []


Underfull \hbox (badness 10000) in paragraph at lines 742--751

 []


Underfull \hbox (badness 10000) in paragraph at lines 742--751

 []


Underfull \hbox (badness 10000) in paragraph at lines 770--772

 []

[44]
Overfull \hbox (9.00508pt too wide) in paragraph at lines 791--792
\OT1/cmr/m/n/12 Dem Nut-zer sol-len drei Ter-min-vor-schl[]age ge-macht wer-den. Die Funk-ti-on [][]\OT1/cmtt/m/n/12 find_slots
 []

[45]
Overfull \hbox (16.54187pt too wide) in paragraph at lines 825--826
[][][][][][][][][][][][][][][][][][][][][][][][][][][][][][][][][][][][][][][][][][][][][][][][][][][][][][][][][][][][][][][][][][][][][][][][][][][][][][][][][][][][][][][][][][][][][][][] 
 []


Overfull \hbox (6.77924pt too wide) in paragraph at lines 844--845
\OT1/cmr/m/n/12 Zeiten vor 08:00 wer-den im-mer []ubersprungen, da die Funk-ti-on [][]\OT1/cmtt/m/n/12 check_availability
 []


Overfull \hbox (9.8263pt too wide) in paragraph at lines 848--849
\OT1/cmr/m/n/12 Vor-schlag wird, wie in Ab-schnitt 6.3.5[] an die Funk-ti-on [][]\OT1/cmtt/m/n/12 make_appointment []\OT1/cmr/m/n/12 u[]bergeben
 []

[46]
Underfull \hbox (badness 10000) in paragraph at lines 882--885

 []


Underfull \hbox (badness 10000) in paragraph at lines 882--885

 []


Underfull \hbox (badness 10000) in paragraph at lines 882--885

 []


Underfull \hbox (badness 10000) in paragraph at lines 886--887

 []


Underfull \hbox (badness 10000) in paragraph at lines 886--887

 []


Underfull \hbox (badness 10000) in paragraph at lines 886--887

 []


Underfull \hbox (badness 10000) in paragraph at lines 886--887

 []

) (./chapters/07_Beispiele.tex [47]
Kapitel 7.

Underfull \hbox (badness 10000) in paragraph at lines 4--6

 []


Underfull \hbox (badness 10000) in paragraph at lines 4--6

 []

[48


]
<images/Screenshots/link.png, id=1566, 504.88625pt x 426.59375pt>
File: images/Screenshots/link.png Graphic file (type png)
<use images/Screenshots/link.png>
Package pdftex.def Info: images/Screenshots/link.png  used on input line 35.
(pdftex.def)             Requested size: 177.52943pt x 150.00003pt.
<images/Screenshots/start.PNG, id=1567, 1174.3875pt x 2541.495pt>
File: images/Screenshots/start.PNG Graphic file (type png)
<use images/Screenshots/start.PNG>
Package pdftex.def Info: images/Screenshots/start.PNG  used on input line 38.
(pdftex.def)             Requested size: 138.60878pt x 299.96361pt.
<images/Screenshots/bio.PNG, id=1568, 1174.3875pt x 2541.495pt>
File: images/Screenshots/bio.PNG Graphic file (type png)
<use images/Screenshots/bio.PNG>
Package pdftex.def Info: images/Screenshots/bio.PNG  used on input line 45.
(pdftex.def)             Requested size: 138.60878pt x 299.96361pt.
<images/Screenshots/gender.PNG, id=1569, 1174.3875pt x 2541.495pt>
File: images/Screenshots/gender.PNG Graphic file (type png)
<use images/Screenshots/gender.PNG>
Package pdftex.def Info: images/Screenshots/gender.PNG  used on input line 48.
(pdftex.def)             Requested size: 138.60878pt x 299.96361pt.

Underfull \hbox (badness 10000) in paragraph at lines 50--50
[]\OT1/cmr/m/n/12 Abbildung 7.2: |Ers-te Zustands-
 []


LaTeX Warning: Float too large for page by 45.62787pt on input line 52.

[49]
<images/Screenshots/birthdate.PNG, id=1585, 1174.3875pt x 2541.495pt>
File: images/Screenshots/birthdate.PNG Graphic file (type png)
<use images/Screenshots/birthdate.PNG>
Package pdftex.def Info: images/Screenshots/birthdate.PNG  used on input line 61.
(pdftex.def)             Requested size: 138.60878pt x 299.96361pt.
<images/Screenshots/email.PNG, id=1586, 1174.3875pt x 2541.495pt>
File: images/Screenshots/email.PNG Graphic file (type png)
<use images/Screenshots/email.PNG>
Package pdftex.def Info: images/Screenshots/email.PNG  used on input line 64.
(pdftex.def)             Requested size: 138.60878pt x 299.96361pt.
<images/Screenshots/telephone.PNG, id=1587, 1174.3875pt x 2541.495pt>
File: images/Screenshots/telephone.PNG Graphic file (type png)
<use images/Screenshots/telephone.PNG>
Package pdftex.def Info: images/Screenshots/telephone.PNG  used on input line 71.
(pdftex.def)             Requested size: 138.60878pt x 299.96361pt.
<images/Screenshots/location.PNG, id=1588, 1174.3875pt x 2541.495pt>
File: images/Screenshots/location.PNG Graphic file (type png)
<use images/Screenshots/location.PNG>
Package pdftex.def Info: images/Screenshots/location.PNG  used on input line 74.
(pdftex.def)             Requested size: 138.60878pt x 299.96361pt.

Underfull \hbox (badness 2591) in paragraph at lines 74--74
[]\OT1/cmr/m/n/9 (b) |[]Ubergang zur An-ga-be des
 []


LaTeX Warning: Float too large for page by 45.62787pt on input line 78.

<images/Screenshots/photo.PNG, id=1589, 1174.3875pt x 2541.495pt>
File: images/Screenshots/photo.PNG Graphic file (type png)
<use images/Screenshots/photo.PNG>
Package pdftex.def Info: images/Screenshots/photo.PNG  used on input line 87.
(pdftex.def)             Requested size: 138.60878pt x 299.96361pt.
<images/Screenshots/complete-sign-up.PNG, id=1590, 1174.3875pt x 2541.495pt>
File: images/Screenshots/complete-sign-up.PNG Graphic file (type png)
<use images/Screenshots/complete-sign-up.PNG>
Package pdftex.def Info: images/Screenshots/complete-sign-up.PNG  used on input line 90.
(pdftex.def)             Requested size: 138.60878pt x 299.96361pt.

Underfull \hbox (badness 2680) in paragraph at lines 90--90
[]\OT1/cmr/m/n/9 (b) |En-de der An-mel-dung und
 []

<images/Screenshots/slot-search.PNG, id=1591, 1174.3875pt x 2541.495pt>
File: images/Screenshots/slot-search.PNG Graphic file (type png)
<use images/Screenshots/slot-search.PNG>
Package pdftex.def Info: images/Screenshots/slot-search.PNG  used on input line 97.
(pdftex.def)             Requested size: 138.60878pt x 299.96361pt.
<images/Screenshots/appointment-selection.PNG, id=1592, 1174.3875pt x 2541.495pt>
File: images/Screenshots/appointment-selection.PNG Graphic file (type png)
<use images/Screenshots/appointment-selection.PNG>
Package pdftex.def Info: images/Screenshots/appointment-selection.PNG  used on input line 100.
(pdftex.def)             Requested size: 138.60878pt x 299.96361pt.

LaTeX Warning: Float too large for page by 59.93413pt on input line 104.

<images/Screenshots/appointment-made.PNG, id=1593, 1174.3875pt x 2541.495pt>
File: images/Screenshots/appointment-made.PNG Graphic file (type png)
<use images/Screenshots/appointment-made.PNG>
Package pdftex.def Info: images/Screenshots/appointment-made.PNG  used on input line 113.
(pdftex.def)             Requested size: 138.60878pt x 299.96361pt.
<images/Screenshots/calendar-invite.png, id=1594, 316.18124pt x 380.42125pt>
File: images/Screenshots/calendar-invite.png Graphic file (type png)
<use images/Screenshots/calendar-invite.png>
Package pdftex.def Info: images/Screenshots/calendar-invite.png  used on input line 116.
(pdftex.def)             Requested size: 200.7632pt x 241.55319pt.

Underfull \hbox (badness 1442) in paragraph at lines 118--118
\OT1/cmr/m/n/12 min ver-ein-bart wur-de und die ent-
 []

<images/Screenshots/return-with-appointment.PNG, id=1595, 1174.3875pt x 2541.495pt>
File: images/Screenshots/return-with-appointment.PNG Graphic file (type png)
<use images/Screenshots/return-with-appointment.PNG>
Package pdftex.def Info: images/Screenshots/return-with-appointment.PNG  used on input line 123.
(pdftex.def)             Requested size: 138.60878pt x 299.96361pt.
<images/Screenshots/status-and-help.PNG, id=1596, 1174.3875pt x 2541.495pt>
File: images/Screenshots/status-and-help.PNG Graphic file (type png)
<use images/Screenshots/status-and-help.PNG>
Package pdftex.def Info: images/Screenshots/status-and-help.PNG  used on input line 126.
(pdftex.def)             Requested size: 138.60878pt x 299.96361pt.

Underfull \hbox (badness 1014) in paragraph at lines 128--128
\OT1/cmr/m/n/12 nach Be-en-di-gung des Kon-ver-sa-ti-ons-
 []


LaTeX Warning: Float too large for page by 48.74039pt on input line 130.

<images/Screenshots/delete-and-restart.PNG, id=1597, 1174.3875pt x 2541.495pt>
File: images/Screenshots/delete-and-restart.PNG Graphic file (type png)
<use images/Screenshots/delete-and-restart.PNG>
Package pdftex.def Info: images/Screenshots/delete-and-restart.PNG  used on input line 139.
(pdftex.def)             Requested size: 138.60878pt x 299.96361pt.
<images/Screenshots/web-gui.png, id=1598, 2246.3925pt x 1331.97626pt>
File: images/Screenshots/web-gui.png Graphic file (type png)
<use images/Screenshots/web-gui.png>
Package pdftex.def Info: images/Screenshots/web-gui.png  used on input line 148.
(pdftex.def)             Requested size: 418.25368pt x 247.99704pt.
) (./chapters/08_Anwendungsszenarien.tex [50 <./images/Screenshots/link.png> <./images/Screenshots/start.PNG> <./images/Screenshots/bio.PNG> <./images/Screenshots/gender.PNG>] [51 <./images/Screenshots/birthdate.PNG> <./images/Screenshots/email.PNG> <./images/Screenshots/telephone.PNG> <./images/Screenshots/location.PNG>] [52 <./images/Screenshots/photo.PNG> <./images/Screenshots/complete-sign-up.PNG> <./images/Screenshots/slot-search.PNG> <./images/Screenshots/appointment-selection.PNG>] [53 <./images/Screenshots/appointment-made.PNG> <./images/Screenshots/calendar-invite.png> <./images/Screenshots/return-with-appointment.PNG> <./images/Screenshots/status-and-help.PNG>] [54 <./images/Screenshots/delete-and-restart.PNG>] [55 <./images/Screenshots/web-gui.png>]
Kapitel 8.

Underfull \hbox (badness 10000) in paragraph at lines 4--8

 []


Underfull \hbox (badness 10000) in paragraph at lines 4--8

 []

[56


]) (./chapters/09_ZusammenfassungAusblick.tex [57]
Kapitel 9.

Underfull \hbox (badness 10000) in paragraph at lines 4--6

 []


Underfull \hbox (badness 10000) in paragraph at lines 7--7
[][][]\OT1/cmr/m/n/9 siehe Repository-Status vom 28.03.2022: []$\OT1/cmtt/m/n/9 https : / / github . com / mwel / coaching _ bot / tree /
 []


Underfull \hbox (badness 10000) in paragraph at lines 7--10

 []

[58


]) [59] (./PA_DerCoachingBot_Wellenhofer_Max_28464.bbl
Underfull \hbox (badness 10000) in paragraph at lines 4--9
\OT1/cmr/m/n/12 telegram-bot/python-telegram-bot/wiki/Extensions-{-Your-first-Bot,
 []


Overfull \hbox (2.01088pt too wide) in paragraph at lines 21--24
[]\OT1/cmr/m/sc/12 Claudia.js\OT1/cmr/m/n/12 : \OT1/cmr/m/it/12 Clau-dia Bot Buil-der\OT1/cmr/m/n/12 .  https://github.com/claudiajs/claudia-
 []


Underfull \hbox (badness 10000) in paragraph at lines 26--29
[]\OT1/cmr/m/sc/12 David P[]r[]^^Phoda\OT1/cmr/m/n/12 : \OT1/cmr/m/it/12 Go-lem Chat-bot Fra-me-work\OT1/cmr/m/n/12 .
 []


Underfull \hbox (badness 10000) in paragraph at lines 26--29
\OT1/cmr/m/n/12 https://github.com/ThinkR-open/golem, 2019.  Ab-ge-ru-fen am:
 []


Underfull \hbox (badness 10000) in paragraph at lines 35--38
[]\OT1/cmr/m/sc/12 Google LLC\OT1/cmr/m/n/12 : \OT1/cmr/m/it/12 Goo-gle APIs Ex-plo-rer over-view\OT1/cmr/m/n/12 .
 []


Underfull \hbox (badness 1205) in paragraph at lines 35--38
\OT1/cmr/m/n/12 https://developers.google.com/explorer-help/, 2022.  Ab-ge-ru-fen am:
 []


Overfull \hbox (2.88782pt too wide) in paragraph at lines 40--45
[]\OT1/cmr/m/sc/12 Google LLC\OT1/cmr/m/n/12 : \OT1/cmr/m/it/12 Goo-gle-Ca-len-dar-API\OT1/cmr/m/n/12 .  https://googleapis.github.io/google-
 []


Underfull \hbox (badness 1215) in paragraph at lines 40--45
\OT1/cmr/m/n/12 api-python-client/docs/dyn/calendar[]v3.html, 2022.  Ab-ge-ru-fen am:
 []


Underfull \hbox (badness 10000) in paragraph at lines 52--55
[]\OT1/cmr/m/sc/12 IBM\OT1/cmr/m/n/12 : \OT1/cmr/m/it/12 Ap-p-li-ca-ti-on Pro-gram-ming In-ter-face (API)\OT1/cmr/m/n/12 .  htt-
 []


Underfull \hbox (badness 6220) in paragraph at lines 65--68
[]\OT1/cmr/m/sc/12 Marcel Po-ci-ot\OT1/cmr/m/n/12 : \OT1/cmr/m/it/12 Bot-man - PHP chat-bot fra-me-work\OT1/cmr/m/n/12 .  htt-
 []


Underfull \hbox (badness 3746) in paragraph at lines 70--76
[]\OT1/cmr/m/sc/12 Mehner, Matt-hi-as\OT1/cmr/m/n/12 : \OT1/cmr/m/it/12 Nutzer-zah-len Mes-sen-ger Ap-ps Deutsch-land
 []


Underfull \hbox (badness 2027) in paragraph at lines 78--82
[]\OT1/cmr/m/sc/12 Meta\OT1/cmr/m/n/12 : \OT1/cmr/m/it/12 Par-lAI\OT1/cmr/m/n/12 .  https://ai.facebook.com/blog/state-of-the-art-open-
 []

[60




]
Underfull \hbox (badness 10000) in paragraph at lines 84--87
[]\OT1/cmr/m/sc/12 Microsoft\OT1/cmr/m/n/12 : \OT1/cmr/m/it/12 Mi-cro-soft Bot Fra-me-work\OT1/cmr/m/n/12 .
 []


Underfull \hbox (badness 4726) in paragraph at lines 84--87
\OT1/cmr/m/n/12 https://github.com/microsoft/botframework-sdk, 2021.  Ab-ge-ru-fen
 []


Underfull \hbox (badness 1005) in paragraph at lines 105--109
\OT1/cmr/m/it/12 Bet-ter Than Web Forms?  \OT1/cmr/m/n/12 https://boldist.co/usability/chatbots-vs-
 []


Underfull \hbox (badness 10000) in paragraph at lines 122--126
[]\OT1/cmr/m/sc/12 Python Soft-wa-re Foun-da-ti-on\OT1/cmr/m/n/12 : \OT1/cmr/m/it/12 email.mime: Crea-
 []


Underfull \hbox (badness 10000) in paragraph at lines 122--126
\OT1/cmr/m/it/12 ting email and MI-ME ob-jects from scratch\OT1/cmr/m/n/12 .  htt-
 []


Underfull \hbox (badness 1253) in paragraph at lines 122--126
\OT1/cmr/m/n/12 ps://docs.python.org/3.8/library/email.mime.html, 2021.  Ab-ge-ru-fen
 []


Underfull \hbox (badness 10000) in paragraph at lines 128--131
[]\OT1/cmr/m/sc/12 Python Soft-wa-re Foun-da-ti-on\OT1/cmr/m/n/12 : \OT1/cmr/m/it/12 Py-thon 3.8.6\OT1/cmr/m/n/12 .  htt-
 []


Underfull \hbox (badness 10000) in paragraph at lines 144--147
[]\OT1/cmr/m/sc/12 Refsnes Da-ta\OT1/cmr/m/n/12 : \OT1/cmr/m/it/12 Py-thon In-tro-duc-ti-on\OT1/cmr/m/n/12 .  htt-
 []


Underfull \hbox (badness 10000) in paragraph at lines 149--152
[]\OT1/cmr/m/sc/12 Sorigu[]e, Ser-gi\OT1/cmr/m/n/12 : \OT1/cmr/m/it/12 Bo-to-nic Open Sour-ce Fra-me-work\OT1/cmr/m/n/12 .  htt-
 []


Underfull \hbox (badness 10000) in paragraph at lines 154--157
[]\OT1/cmr/m/sc/12 Telegram Mes-sen-ger Inc.\OT1/cmr/m/n/12 : \OT1/cmr/m/it/12 Te-le-gram Bot API\OT1/cmr/m/n/12 .  htt-
 []


Underfull \hbox (badness 10000) in paragraph at lines 164--167
[]\OT1/cmr/m/sc/12 Tock\OT1/cmr/m/n/12 : \OT1/cmr/m/it/12 Tock - The Open Con-ver-sa-ti-on Kit\OT1/cmr/m/n/12 .  htt-
 []


Underfull \hbox (badness 10000) in paragraph at lines 169--174
[]\OT1/cmr/m/sc/12 Toledo, Le-an-dro\OT1/cmr/m/n/12 : \OT1/cmr/m/it/12 python-telegram-bot\OT1/cmr/m/n/12 .
 []


Underfull \hbox (badness 10000) in paragraph at lines 169--174
\OT1/cmr/m/n/12 https://github.com/python-telegram-bot/python-telegram-
 []


Underfull \hbox (badness 10000) in paragraph at lines 169--174
\OT1/cmr/m/n/12 bot/blob/master/examples/conversationbot.py, 2021.  Ab-ge-ru-fen
 []

[61]
Underfull \hbox (badness 10000) in paragraph at lines 188--191
[]\OT1/cmr/m/sc/12 Wit.ai\OT1/cmr/m/n/12 : \OT1/cmr/m/it/12 Wit.ai - Na-tu-ral Lan-gua-ge for eve-r-yo-ne\OT1/cmr/m/n/12 .
 []

) (./PA_DerCoachingBot_Wellenhofer_Max_28464.ind) [62]
\openout2 = `chapters/Glossar.aux'.

 (./chapters/Glossar.tex
Underfull \hbox (badness 6032) in paragraph at lines 11--11
[]|\OT1/cmr/m/n/12 CREATE, READ, UP-DA-TE, DE-LE-TE: Standard-
 []


Underfull \hbox (badness 10000) in paragraph at lines 3--13

 []

) [63



]
\openout2 = `chapters/Selbststaendigkeitserklaerung.aux'.

 (./chapters/Selbststaendigkeitserklaerung.tex
Underfull \hbox (badness 10000) in paragraph at lines 5--6

 []


Underfull \hbox (badness 10000) in paragraph at lines 7--8

 []

) [64




]
Package atveryend Info: Empty hook `BeforeClearDocument' on input line 134.
Package atveryend Info: Empty hook `AfterLastShipout' on input line 134.
 (./PA_DerCoachingBot_Wellenhofer_Max_28464.aux (./chapters/Glossar.aux) (./chapters/Selbststaendigkeitserklaerung.aux))
Package atveryend Info: Executing hook `AtVeryEndDocument' on input line 134.
Package atveryend Info: Executing hook `AtEndAfterFileList' on input line 134.
Package rerunfilecheck Info: File `PA_DerCoachingBot_Wellenhofer_Max_28464.out' has not changed.
(rerunfilecheck)             Checksum: A54549BABF171B826252B7A903DA54FA;5220.
Package atveryend Info: Empty hook `AtVeryVeryEnd' on input line 134.
 ) 
Here is how much of TeX's memory you used:
 14013 strings out of 480608
 212742 string characters out of 5903630
 711685 words of memory out of 5000000
 28674 multiletter control sequences out of 15000+600000
 542477 words of font info for 63 fonts, out of 8000000 for 9000
 1146 hyphenation exceptions out of 8191
 41i,10n,48p,1803b,2222s stack positions out of 5000i,500n,10000p,200000b,80000s
{/usr/local/texlive/2020/texmf-dist/fonts/enc/dvips/cm-super/cm-super-ts1.enc}</usr/local/texlive/2020/texmf-dist/fonts/type1/public/amsfonts/cm/cmbx12.pfb></usr/local/texlive/2020/texmf-dist/fonts/type1/public/amsfonts/cm/cmcsc10.pfb></usr/local/texlive/2020/texmf-dist/fonts/type1/public/amsfonts/cm/cmr12.pfb></usr/local/texlive/2020/texmf-dist/fonts/type1/public/amsfonts/cm/cmr17.pfb></usr/local/texlive/2020/texmf-dist/fonts/type1/public/amsfonts/cm/cmr6.pfb></usr/local/texlive/2020/texmf-dist/fonts/type1/public/amsfonts/cm/cmr8.pfb></usr/local/texlive/2020/texmf-dist/fonts/type1/public/amsfonts/cm/cmr9.pfb></usr/local/texlive/2020/texmf-dist/fonts/type1/public/amsfonts/cm/cmsy10.pfb></usr/local/texlive/2020/texmf-dist/fonts/type1/public/amsfonts/cm/cmti12.pfb></usr/local/texlive/2020/texmf-dist/fonts/type1/public/amsfonts/cm/cmtt12.pfb></usr/local/texlive/2020/texmf-dist/fonts/type1/public/amsfonts/cm/cmtt8.pfb></usr/local/texlive/2020/texmf-dist/fonts/type1/public/amsfonts/cm/cmtt9.pfb></usr/local/texlive/2020/texmf-dist/fonts/type1/public/amsfonts/symbols/msam10.pfb></usr/local/texlive/2020/texmf-dist/fonts/type1/public/cm-super/sfrm1200.pfb></usr/local/texlive/2020/texmf-dist/fonts/type1/public/cm-super/sftt0800.pfb>
Output written on PA_DerCoachingBot_Wellenhofer_Max_28464.pdf (74 pages, 9153716 bytes).
PDF statistics:
 1937 PDF objects out of 2073 (max. 8388607)
 1784 compressed objects within 18 object streams
 912 named destinations out of 1000 (max. 500000)
 695 words of extra memory for PDF output out of 10000 (max. 10000000)

