\BOOKMARK [0][-]{chapter.1}{Einleitung und Problemstellung}{}% 1
\BOOKMARK [1][-]{section.1.1}{Motivation}{chapter.1}% 2
\BOOKMARK [0][-]{chapter.2}{Verwandte Arbeiten}{}% 3
\BOOKMARK [1][-]{section.2.1}{Microsoft Bot Framework}{chapter.2}% 4
\BOOKMARK [1][-]{section.2.2}{Botkit}{chapter.2}% 5
\BOOKMARK [1][-]{section.2.3}{Botpress}{chapter.2}% 6
\BOOKMARK [1][-]{section.2.4}{Rasa}{chapter.2}% 7
\BOOKMARK [1][-]{section.2.5}{Wit.ai}{chapter.2}% 8
\BOOKMARK [1][-]{section.2.6}{OpenDialog}{chapter.2}% 9
\BOOKMARK [1][-]{section.2.7}{Botonic}{chapter.2}% 10
\BOOKMARK [1][-]{section.2.8}{Claudia Bot Builder}{chapter.2}% 11
\BOOKMARK [1][-]{section.2.9}{Tock}{chapter.2}% 12
\BOOKMARK [1][-]{section.2.10}{BotMan}{chapter.2}% 13
\BOOKMARK [1][-]{section.2.11}{Bottender}{chapter.2}% 14
\BOOKMARK [1][-]{section.2.12}{DeepPavlov}{chapter.2}% 15
\BOOKMARK [1][-]{section.2.13}{Golem}{chapter.2}% 16
\BOOKMARK [1][-]{section.2.14}{ParlAI by Facebook AI}{chapter.2}% 17
\BOOKMARK [1][-]{section.2.15}{Ana}{chapter.2}% 18
\BOOKMARK [1][-]{section.2.16}{Bot Libre}{chapter.2}% 19
\BOOKMARK [0][-]{chapter.3}{Grundlagen}{}% 20
\BOOKMARK [1][-]{section.3.1}{Python}{chapter.3}% 21
\BOOKMARK [1][-]{section.3.2}{Telegram API}{chapter.3}% 22
\BOOKMARK [1][-]{section.3.3}{Telegram Chat Bots}{chapter.3}% 23
\BOOKMARK [1][-]{section.3.4}{SQLite}{chapter.3}% 24
\BOOKMARK [1][-]{section.3.5}{SQLite3 API}{chapter.3}% 25
\BOOKMARK [1][-]{section.3.6}{HMTL}{chapter.3}% 26
\BOOKMARK [1][-]{section.3.7}{CSS}{chapter.3}% 27
\BOOKMARK [1][-]{section.3.8}{Flask}{chapter.3}% 28
\BOOKMARK [1][-]{section.3.9}{Google Calendar API}{chapter.3}% 29
\BOOKMARK [1][-]{section.3.10}{TheCoachingBot}{chapter.3}% 30
\BOOKMARK [0][-]{chapter.4}{Konzept}{}% 31
\BOOKMARK [1][-]{section.4.1}{Grundkonzept}{chapter.4}% 32
\BOOKMARK [0][-]{chapter.5}{Realisierung}{}% 33
\BOOKMARK [1][-]{section.5.1}{Telegram Bot Framwork}{chapter.5}% 34
\BOOKMARK [2][-]{subsection.5.1.1}{Generierung Telegram Bot}{section.5.1}% 35
\BOOKMARK [1][-]{section.5.2}{Vanilla Bot Implementierung}{chapter.5}% 36
\BOOKMARK [1][-]{section.5.3}{Meta-Funktionen}{chapter.5}% 37
\BOOKMARK [2][-]{subsection.5.3.1}{Start: Eine Konversation beginnen}{section.5.3}% 38
\BOOKMARK [2][-]{subsection.5.3.2}{Ende: Konversation manuell beenden}{section.5.3}% 39
\BOOKMARK [2][-]{subsection.5.3.3}{Pers\366nliche Daten l\366schen}{section.5.3}% 40
\BOOKMARK [2][-]{subsection.5.3.4}{Hilfe-Funktion aufrufen}{section.5.3}% 41
\BOOKMARK [2][-]{subsection.5.3.5}{\334berspringen}{section.5.3}% 42
\BOOKMARK [1][-]{section.5.4}{Hauptfunktionen}{chapter.5}% 43
\BOOKMARK [2][-]{subsection.5.4.1}{Abfragen des Geburtsdatums}{section.5.4}% 44
\BOOKMARK [2][-]{subsection.5.4.2}{Hintergrund des Nutzers}{section.5.4}% 45
\BOOKMARK [2][-]{subsection.5.4.3}{Abfragen des Geschlechts des Nutzers}{section.5.4}% 46
\BOOKMARK [2][-]{subsection.5.4.4}{Abfragen der E-Mail Adresse des Nutzers}{section.5.4}% 47
\BOOKMARK [2][-]{subsection.5.4.5}{Abfragen der Telefonnummer des Nutzers}{section.5.4}% 48
\BOOKMARK [2][-]{subsection.5.4.6}{Abfragen des Standorts des Nutzers}{section.5.4}% 49
\BOOKMARK [2][-]{subsection.5.4.7}{Abfragen des Bilds des Nutzers}{section.5.4}% 50
\BOOKMARK [2][-]{subsection.5.4.8}{Zusammenfassungs-Funktion}{section.5.4}% 51
\BOOKMARK [1][-]{section.5.5}{Support-Funktionen}{chapter.5}% 52
\BOOKMARK [2][-]{subsection.5.5.1}{Eingabe-Validierung}{section.5.5}% 53
\BOOKMARK [2][-]{subsection.5.5.2}{E-Mail zusammenbauen}{section.5.5}% 54
\BOOKMARK [1][-]{section.5.6}{Datenbank}{chapter.5}% 55
\BOOKMARK [1][-]{section.5.7}{Anbindung Datenbank an Python}{chapter.5}% 56
\BOOKMARK [1][-]{section.5.8}{Kalender}{chapter.5}% 57
\BOOKMARK [0][-]{chapter.6}{Implementierung}{}% 58
\BOOKMARK [1][-]{section.6.1}{Setup}{chapter.6}% 59
\BOOKMARK [2][-]{subsection.6.1.1}{Entwicklungsumgebung}{section.6.1}% 60
\BOOKMARK [2][-]{subsection.6.1.2}{Microsoft Visual Studio Code}{section.6.1}% 61
\BOOKMARK [2][-]{subsection.6.1.3}{pipenv \040Python Package Manager}{section.6.1}% 62
\BOOKMARK [2][-]{subsection.6.1.4}{Konstanten und Schl\374ssel}{section.6.1}% 63
\BOOKMARK [1][-]{section.6.2}{Coaching Bot Herzst\374ck \040main.py \040State Machine}{chapter.6}% 64
\BOOKMARK [2][-]{subsection.6.2.1}{Dispatcher}{section.6.2}% 65
\BOOKMARK [2][-]{subsection.6.2.2}{ConversationHandlers}{section.6.2}% 66
\BOOKMARK [2][-]{subsection.6.2.3}{CommandHandler}{section.6.2}% 67
\BOOKMARK [2][-]{subsection.6.2.4}{start und cancel \040Konversation starten und stoppen}{section.6.2}% 68
\BOOKMARK [2][-]{subsection.6.2.5}{delete \040Nutzerdaten l\366schen}{section.6.2}% 69
\BOOKMARK [2][-]{subsection.6.2.6}{help \040Hilfe ausgeben}{section.6.2}% 70
\BOOKMARK [2][-]{subsection.6.2.7}{summary \040Zusammenfassung ausgeben}{section.6.2}% 71
\BOOKMARK [2][-]{subsection.6.2.8}{status \040Status Quo ausgeben}{section.6.2}% 72
\BOOKMARK [1][-]{section.6.3}{Handler Funktionen}{chapter.6}% 73
\BOOKMARK [2][-]{subsection.6.3.1}{start.py}{section.6.3}% 74
\BOOKMARK [2][-]{subsection.6.3.2}{bio.py}{section.6.3}% 75
\BOOKMARK [2][-]{subsection.6.3.3}{gender.py}{section.6.3}% 76
\BOOKMARK [2][-]{subsection.6.3.4}{birthdate.py}{section.6.3}% 77
\BOOKMARK [2][-]{subsection.6.3.5}{email.py}{section.6.3}% 78
\BOOKMARK [2][-]{subsection.6.3.6}{telephone.py}{section.6.3}% 79
\BOOKMARK [2][-]{subsection.6.3.7}{location.py}{section.6.3}% 80
\BOOKMARK [2][-]{subsection.6.3.8}{photo.py}{section.6.3}% 81
\BOOKMARK [2][-]{subsection.6.3.9}{summary.py}{section.6.3}% 82
\BOOKMARK [2][-]{subsection.6.3.10}{confirmation\137mail.py}{section.6.3}% 83
\BOOKMARK [2][-]{subsection.6.3.11}{appointment.py}{section.6.3}% 84
\BOOKMARK [2][-]{subsection.6.3.12}{help.py}{section.6.3}% 85
\BOOKMARK [2][-]{subsection.6.3.13}{states.py}{section.6.3}% 86
\BOOKMARK [2][-]{subsection.6.3.14}{status.py}{section.6.3}% 87
\BOOKMARK [2][-]{subsection.6.3.15}{validation.py}{section.6.3}% 88
\BOOKMARK [2][-]{subsection.6.3.16}{cancel}{section.6.3}% 89
\BOOKMARK [1][-]{section.6.4}{Datenbank}{chapter.6}% 90
\BOOKMARK [2][-]{subsection.6.4.1}{create\137db.py}{section.6.4}% 91
\BOOKMARK [2][-]{subsection.6.4.2}{select\137db.py}{section.6.4}% 92
\BOOKMARK [2][-]{subsection.6.4.3}{insert\137value\137db.py}{section.6.4}% 93
\BOOKMARK [2][-]{subsection.6.4.4}{insert\137update\137db.py}{section.6.4}% 94
\BOOKMARK [2][-]{subsection.6.4.5}{delete\137record.py}{section.6.4}% 95
\BOOKMARK [1][-]{section.6.5}{Kalender}{chapter.6}% 96
\BOOKMARK [2][-]{subsection.6.5.1}{calendar\137manager.py}{section.6.5}% 97
\BOOKMARK [2][-]{subsection.6.5.2}{send\137invitation.py}{section.6.5}% 98
\BOOKMARK [2][-]{subsection.6.5.3}{}{section.6.5}% 99
\BOOKMARK [0][-]{chapter.7}{Beispiele}{}% 100
\BOOKMARK [0][-]{chapter.8}{Anwendungsszenarien}{}% 101
\BOOKMARK [0][-]{chapter.9}{Zusammenfassung und Ausblick}{}% 102
\BOOKMARK [0][-]{chapter*.68}{Literaturverzeichnis}{}% 103
\BOOKMARK [0][-]{appendix.A}{Glossar}{}% 104
\BOOKMARK [0][-]{appendix.B}{Selbstst\344ndigkeitserkl\344rung}{}% 105
